  RDMAClient.cpp
D:\repo\PlugRDMA-Windows\RDMA_CPP\RDMAClient.cpp(98,15): warning C4244: '=': 'SIZE_T'에서 'int'(으)로 변환하면서 데이터가 손실될 수 있습니다.
D:\repo\PlugRDMA-Windows\RDMA_CPP\RDMAClient.cpp(122,10): warning C4101: 'BytesRet' :참조되지 않은 지역 변수입니다.
D:\repo\PlugRDMA-Windows\RDMA_CPP\RDMAClient.cpp(163,3): warning C4244: '인수': 'SIZE_T'에서 'ULONG'(으)로 변환하면서 데이터가 손실될 수 있습니다.
D:\repo\PlugRDMA-Windows\RDMA_CPP\RDMAClient.cpp(175,3): warning C4244: '인수': 'SIZE_T'에서 'ULONG'(으)로 변환하면서 데이터가 손실될 수 있습니다.
D:\repo\PlugRDMA-Windows\RDMA_CPP\RDMAClient.cpp(206,3): warning C4244: '인수': 'SIZE_T'에서 'ULONG'(으)로 변환하면서 데이터가 손실될 수 있습니다.
D:\repo\PlugRDMA-Windows\RDMA_CPP\RDMAClient.cpp(205,3): warning C4244: '인수': 'SIZE_T'에서 'ULONG'(으)로 변환하면서 데이터가 손실될 수 있습니다.
D:\repo\PlugRDMA-Windows\RDMA_CPP\RDMAClient.cpp(204,3): warning C4244: '인수': 'SIZE_T'에서 'ULONG'(으)로 변환하면서 데이터가 손실될 수 있습니다.
D:\repo\PlugRDMA-Windows\RDMA_CPP\RDMAClient.cpp(203,3): warning C4244: '인수': 'SIZE_T'에서 'ULONG'(으)로 변환하면서 데이터가 손실될 수 있습니다.
D:\repo\PlugRDMA-Windows\RDMA_CPP\RDMAClient.cpp(224,17): warning C4244: '=': 'SIZE_T'에서 'ULONG'(으)로 변환하면서 데이터가 손실될 수 있습니다.
D:\repo\PlugRDMA-Windows\RDMA_CPP\RDMAClient.cpp(244,3): warning C4244: '인수': 'SIZE_T'에서 'ULONG'(으)로 변환하면서 데이터가 손실될 수 있습니다.
D:\repo\PlugRDMA-Windows\RDMA_CPP\RDMAClient.cpp(251,10): warning C4101: 'BytesRet' :참조되지 않은 지역 변수입니다.
D:\repo\PlugRDMA-Windows\RDMA_CPP\RDMAClient.cpp(342,29): warning C4244: '인수': 'SIZE_T'에서 'int'(으)로 변환하면서 데이터가 손실될 수 있습니다.
D:\repo\PlugRDMA-Windows\RDMA_CPP\RDMAClient.cpp(365,12): warning C4101: 'BytesRet' :참조되지 않은 지역 변수입니다.
D:\repo\PlugRDMA-Windows\RDMA_CPP\RDMAClient.cpp(381,32): warning C4101: 'e' :참조되지 않은 지역 변수입니다.
D:\repo\PlugRDMA-Windows\RDMA_CPP\RDMAClient.cpp(393,11): warning C4101: 'BytesRet' :참조되지 않은 지역 변수입니다.
  RDMAServer.cpp
D:\repo\PlugRDMA-Windows\RDMA_CPP\RDMAServer.cpp(296,3): warning C4244: '인수': 'SIZE_T'에서 'ULONG'(으)로 변환하면서 데이터가 손실될 수 있습니다.
D:\repo\PlugRDMA-Windows\RDMA_CPP\RDMAServer.cpp(295,3): warning C4244: '인수': 'SIZE_T'에서 'ULONG'(으)로 변환하면서 데이터가 손실될 수 있습니다.
  코드를 생성하고 있습니다...
RDMAClient.obj : warning LNK4006: "unsigned short RDMA::x_DefaultPort" (?x_DefaultPort@RDMA@@3GA)이(가) RDMAServer.obj에 이미 정의되어 있습니다. 초 정의가 무시됩니다.
RDMAClient.obj : warning LNK4006: "class std::basic_string<char,struct std::char_traits<char>,class std::allocator<char> > __cdecl RDMA::hresult_to_string(long)" (?hresult_to_string@RDMA@@YA?AV?$basic_string@DU?$char_traits@D@std@@V?$allocator@D@2@@std@@J@Z)이(가) RDMAServer.obj에 이미 정의되어 있습니다. 초 정의가 무시됩니다.
  RDMA_CPP.vcxproj -> D:\repo\PlugRDMA-Windows\x64\Debug\RDMA_CPP.lib
