  RDMA.cpp
C:\Users\holee\source\repos\Nexus\RDMA_CPP\RDMA.cpp(315,3): warning C4244: '인수': 'SIZE_T'에서 'ULONG'(으)로 변환하면서 데이터가 손실될 수 있습니다.
C:\Users\holee\source\repos\Nexus\RDMA_CPP\RDMA.cpp(314,3): warning C4244: '인수': 'SIZE_T'에서 'ULONG'(으)로 변환하면서 데이터가 손실될 수 있습니다.
C:\Users\holee\source\repos\Nexus\RDMA_CPP\RDMA.cpp(671,15): warning C4244: '=': 'SIZE_T'에서 'int'(으)로 변환하면서 데이터가 손실될 수 있습니다.
C:\Users\holee\source\repos\Nexus\RDMA_CPP\RDMA.cpp(693,10): warning C4101: 'BytesRet' :참조되지 않은 지역 변수입니다.
C:\Users\holee\source\repos\Nexus\RDMA_CPP\RDMA.cpp(730,3): warning C4244: '인수': 'SIZE_T'에서 'ULONG'(으)로 변환하면서 데이터가 손실될 수 있습니다.
C:\Users\holee\source\repos\Nexus\RDMA_CPP\RDMA.cpp(742,3): warning C4244: '인수': 'SIZE_T'에서 'ULONG'(으)로 변환하면서 데이터가 손실될 수 있습니다.
C:\Users\holee\source\repos\Nexus\RDMA_CPP\RDMA.cpp(773,3): warning C4244: '인수': 'SIZE_T'에서 'ULONG'(으)로 변환하면서 데이터가 손실될 수 있습니다.
C:\Users\holee\source\repos\Nexus\RDMA_CPP\RDMA.cpp(772,3): warning C4244: '인수': 'SIZE_T'에서 'ULONG'(으)로 변환하면서 데이터가 손실될 수 있습니다.
C:\Users\holee\source\repos\Nexus\RDMA_CPP\RDMA.cpp(771,3): warning C4244: '인수': 'SIZE_T'에서 'ULONG'(으)로 변환하면서 데이터가 손실될 수 있습니다.
C:\Users\holee\source\repos\Nexus\RDMA_CPP\RDMA.cpp(770,3): warning C4244: '인수': 'SIZE_T'에서 'ULONG'(으)로 변환하면서 데이터가 손실될 수 있습니다.
C:\Users\holee\source\repos\Nexus\RDMA_CPP\RDMA.cpp(791,17): warning C4244: '=': 'SIZE_T'에서 'ULONG'(으)로 변환하면서 데이터가 손실될 수 있습니다.
C:\Users\holee\source\repos\Nexus\RDMA_CPP\RDMA.cpp(811,3): warning C4244: '인수': 'SIZE_T'에서 'ULONG'(으)로 변환하면서 데이터가 손실될 수 있습니다.
C:\Users\holee\source\repos\Nexus\RDMA_CPP\RDMA.cpp(818,10): warning C4101: 'BytesRet' :참조되지 않은 지역 변수입니다.
C:\Users\holee\source\repos\Nexus\RDMA_CPP\RDMA.cpp(891,29): warning C4244: '인수': 'SIZE_T'에서 'int'(으)로 변환하면서 데이터가 손실될 수 있습니다.
C:\Users\holee\source\repos\Nexus\RDMA_CPP\RDMA.cpp(930,31): warning C4244: '인수': 'SIZE_T'에서 'int'(으)로 변환하면서 데이터가 손실될 수 있습니다.
C:\Users\holee\source\repos\Nexus\RDMA_CPP\RDMA.cpp(934,81): warning C4244: '인수': 'SIZE_T'에서 'int'(으)로 변환하면서 데이터가 손실될 수 있습니다.
C:\Users\holee\source\repos\Nexus\RDMA_CPP\RDMA.cpp(1077,12): warning C4101: 'BytesRet' :참조되지 않은 지역 변수입니다.
C:\Users\holee\source\repos\Nexus\RDMA_CPP\RDMA.cpp(1093,32): warning C4101: 'e' :참조되지 않은 지역 변수입니다.
C:\Users\holee\source\repos\Nexus\RDMA_CPP\RDMA.cpp(1105,11): warning C4101: 'BytesRet' :참조되지 않은 지역 변수입니다.
C:\Users\holee\source\repos\Nexus\RDMA_CPP\RDMA.cpp(1131,10): warning C4101: 'BytesRet' :참조되지 않은 지역 변수입니다.
  RDMA_CPP.vcxproj -> C:\Users\holee\source\repos\Nexus\x64\Release\RDMA_CPP.lib
